omotonaros@deb12host:~$ source python_venv/bin/activate
(python_venv) omotonaros@deb12host:~$ cd virtual-box-vagrant/
(python_venv) omotonaros@deb12host:~/virtual-box-vagrant$ vagrant up
Bringing machine 'default' up with 'libvirt' provider...
==> default: Checking if box 'debian/bookworm64' version '12.20250126.1' is up to date...
==> default: Creating image (snapshot of base box volume).
==> default: Creating domain with the following settings...
==> default:  -- Name:              virtual-box-vagrant_default
==> default:  -- Description:       Source: /home/omotonaros/virtual-box-vagrant/Vagrantfile
==> default:  -- Domain type:       kvm
==> default:  -- Cpus:              2
==> default:  -- Feature:           acpi
==> default:  -- Feature:           apic
==> default:  -- Feature:           pae
==> default:  -- Clock offset:      utc
==> default:  -- Memory:            4096M
==> default:  -- Base box:          debian/bookworm64
==> default:  -- Storage pool:      default
==> default:  -- Image(vda):        /var/lib/libvirt/images/virtual-box-vagrant_default.img, virtio, 100G
==> default:  -- Disk driver opts:  cache='default'
==> default:  -- Graphics Type:     vnc
==> default:  -- Video Type:        cirrus
==> default:  -- Video VRAM:        16384
==> default:  -- Video 3D accel:    false
==> default:  -- Keymap:            en-us
==> default:  -- TPM Backend:       passthrough
==> default:  -- INPUT:             type=mouse, bus=ps2
==> default: Creating shared folders metadata...
==> default: Starting domain.
==> default: Domain launching with graphics connection settings...
==> default:  -- Graphics Port:      5900
==> default:  -- Graphics IP:        127.0.0.1
==> default:  -- Graphics Password:  Not defined
==> default:  -- Graphics Websocket: 5700
==> default: Waiting for domain to get an IP address...
==> default: Waiting for machine to boot. This may take a few minutes...
    default: SSH address: 192.168.121.19:22
    default: SSH username: vagrant
    default: SSH auth method: private key
    default: 
    default: Vagrant insecure key detected. Vagrant will automatically replace
    default: this with a newly generated keypair for better security.
    default: 
    default: Inserting generated public key within guest...
    default: Removing insecure key from the guest if it's present...
    default: Key inserted! Disconnecting and reconnecting using new SSH key...
==> default: Machine booted and ready!
==> default: Running provisioner: ansible...
    default: Running ansible-playbook...

PLAY [Install Docker on Debian] ************************************************

TASK [Gathering Facts] *********************************************************
[WARNING]: Platform linux on host default is using the discovered Python
interpreter at /usr/bin/python3.11, but future installation of another Python
interpreter could change the meaning of that path. See
https://docs.ansible.com/ansible-
core/2.18/reference_appendices/interpreter_discovery.html for more information.
ok: [default]

TASK [Install required packages] ***********************************************
changed: [default]

TASK [Add Docker GPG key] ******************************************************
changed: [default]

TASK [Add Docker repository] ***************************************************
changed: [default]

TASK [Install Docker Engine] ***************************************************
changed: [default]

TASK [Add vagrant user to docker group] ****************************************
changed: [default]

TASK [Start and enable Docker service] *****************************************
ok: [default]

PLAY RECAP *********************************************************************
default                    : ok=7    changed=5    unreachable=0    failed=0    skipped=0    rescued=0    ignored=0   

==> default: Running provisioner: ansible...
    default: Running ansible-playbook...

PLAY [Build SQLite .so library using Docker inside VM] *************************

TASK [Gathering Facts] *********************************************************
[WARNING]: Platform linux on host default is using the discovered Python
interpreter at /usr/bin/python3.11, but future installation of another Python
interpreter could change the meaning of that path. See
https://docs.ansible.com/ansible-
core/2.18/reference_appendices/interpreter_discovery.html for more information.
ok: [default]

TASK [Pull sqlite-builder docker image (ignore errors)] ************************
ok: [default]

TASK [Create output directory inside VM] ***************************************
changed: [default]

TASK [Run Docker container to build SQLite library inside VM] ******************
changed: [default]

TASK [Check if libsqlite3.so file was created inside VM] ***********************
ok: [default]

TASK [Show info about libsqlite3.so inside VM] *********************************
ok: [default] => {
    "msg": "libsqlite3.so was created successfully, size: 1048096 bytes"
}

TASK [Fail if libsqlite3.so not found inside VM] *******************************
skipping: [default]

PLAY RECAP *********************************************************************
default                    : ok=6    changed=2    unreachable=0    failed=0    skipped=1    rescued=0    ignored=0   


==> default: Machine 'default' has a post `vagrant up` message. This is a message
==> default: from the creator of the Vagrantfile, and not from Vagrant itself:
==> default: 
==> default: Vanilla Debian box. See https://app.vagrantup.com/debian for help and bug reports
(python_venv) omotonaros@deb12host:~/virtual-box-vagrant$ vagrant ssh
Linux bookworm 6.1.0-29-amd64 #1 SMP PREEMPT_DYNAMIC Debian 6.1.123-1 (2025-01-02) x86_64

The programs included with the Debian GNU/Linux system are free software;
the exact distribution terms for each program are described in the
individual files in /usr/share/doc/*/copyright.

Debian GNU/Linux comes with ABSOLUTELY NO WARRANTY, to the extent
permitted by applicable law.
Last login: Tue Aug 12 19:06:06 2025 from 192.168.121.1
vagrant@bookworm:~$ ls -a
.  ..  .ansible  .bash_logout  .bashrc  .profile  .ssh  sqlite-build
vagrant@bookworm:~$ cd sqlite-build/
vagrant@bookworm:~/sqlite-build$ ls -a
.  ..  libsqlite3.so
vagrant@bookworm:~/sqlite-build$ 

